mode: set
github.com/zayyanmatin/sre-data-service/data-ingest/internal/ingest.go:18.37,25.24 4 1
github.com/zayyanmatin/sre-data-service/data-ingest/internal/ingest.go:40.2,40.12 1 1
github.com/zayyanmatin/sre-data-service/data-ingest/internal/ingest.go:25.24,33.17 3 1
github.com/zayyanmatin/sre-data-service/data-ingest/internal/ingest.go:37.3,38.29 2 1
github.com/zayyanmatin/sre-data-service/data-ingest/internal/ingest.go:33.17,35.4 1 0
github.com/zayyanmatin/sre-data-service/data-ingest/internal/ingest.go:43.56,46.16 2 1
github.com/zayyanmatin/sre-data-service/data-ingest/internal/ingest.go:49.2,52.16 3 1
github.com/zayyanmatin/sre-data-service/data-ingest/internal/ingest.go:56.2,56.12 1 1
github.com/zayyanmatin/sre-data-service/data-ingest/internal/ingest.go:46.16,48.3 1 0
github.com/zayyanmatin/sre-data-service/data-ingest/internal/ingest.go:52.16,54.3 1 0
github.com/zayyanmatin/sre-data-service/data-ingest/internal/ingest.go:59.31,61.16 2 0
github.com/zayyanmatin/sre-data-service/data-ingest/internal/ingest.go:64.2,64.25 1 0
github.com/zayyanmatin/sre-data-service/data-ingest/internal/ingest.go:61.16,63.3 1 0
github.com/zayyanmatin/sre-data-service/api/internal/server.go:19.41,35.2 8 1
github.com/zayyanmatin/sre-data-service/api/internal/server.go:37.32,39.38 1 0
github.com/zayyanmatin/sre-data-service/api/internal/server.go:44.2,44.37 1 0
github.com/zayyanmatin/sre-data-service/api/internal/server.go:47.2,47.12 1 0
github.com/zayyanmatin/sre-data-service/api/internal/server.go:39.38,41.3 1 0
github.com/zayyanmatin/sre-data-service/api/internal/server.go:44.37,46.3 1 0
github.com/zayyanmatin/sre-data-service/api/internal/server.go:50.56,55.2 3 1
github.com/zayyanmatin/sre-data-service/api/internal/server.go:57.49,62.2 3 1
github.com/zayyanmatin/sre-data-service/api/internal/server.go:64.57,69.2 3 1
github.com/zayyanmatin/sre-data-service/api/internal/server.go:71.77,73.16 2 1
github.com/zayyanmatin/sre-data-service/api/internal/server.go:77.2,80.16 3 1
github.com/zayyanmatin/sre-data-service/api/internal/server.go:83.2,85.18 3 1
github.com/zayyanmatin/sre-data-service/api/internal/server.go:93.2,93.37 1 1
github.com/zayyanmatin/sre-data-service/api/internal/server.go:73.16,75.3 1 0
github.com/zayyanmatin/sre-data-service/api/internal/server.go:80.16,82.3 1 0
github.com/zayyanmatin/sre-data-service/api/internal/server.go:85.18,87.73 2 1
github.com/zayyanmatin/sre-data-service/api/internal/server.go:90.3,90.23 1 1
github.com/zayyanmatin/sre-data-service/api/internal/server.go:87.73,89.4 1 0
github.com/zayyanmatin/sre-data-service/api/internal/server.go:95.86,97.16 2 1
github.com/zayyanmatin/sre-data-service/api/internal/server.go:100.2,102.16 3 1
github.com/zayyanmatin/sre-data-service/api/internal/server.go:105.2,106.18 2 1
github.com/zayyanmatin/sre-data-service/api/internal/server.go:116.2,117.37 2 1
github.com/zayyanmatin/sre-data-service/api/internal/server.go:97.16,99.3 1 0
github.com/zayyanmatin/sre-data-service/api/internal/server.go:102.16,104.3 1 0
github.com/zayyanmatin/sre-data-service/api/internal/server.go:106.18,110.83 2 1
github.com/zayyanmatin/sre-data-service/api/internal/server.go:114.3,114.31 1 1
github.com/zayyanmatin/sre-data-service/api/internal/server.go:110.83,113.4 1 0
github.com/zayyanmatin/sre-data-service/pkg/sqlserver/mysql.go:10.32,12.16 2 0
github.com/zayyanmatin/sre-data-service/pkg/sqlserver/mysql.go:15.2,15.16 1 0
github.com/zayyanmatin/sre-data-service/pkg/sqlserver/mysql.go:12.16,14.3 1 0
github.com/zayyanmatin/sre-data-service/pkg/sqlserver/mysql.go:18.32,20.16 2 1
github.com/zayyanmatin/sre-data-service/pkg/sqlserver/mysql.go:23.2,24.16 2 1
github.com/zayyanmatin/sre-data-service/pkg/sqlserver/mysql.go:27.2,28.16 2 1
github.com/zayyanmatin/sre-data-service/pkg/sqlserver/mysql.go:31.2,32.12 2 1
github.com/zayyanmatin/sre-data-service/pkg/sqlserver/mysql.go:20.16,22.3 1 0
github.com/zayyanmatin/sre-data-service/pkg/sqlserver/mysql.go:24.16,26.3 1 0
github.com/zayyanmatin/sre-data-service/pkg/sqlserver/mysql.go:28.16,30.3 1 0
